ARM GAS  C:\Users\DELL\AppData\Local\Temp\ccZnvSnt.s 			page 1


   1              		.cpu cortex-m3
   2              		.eabi_attribute 20, 1
   3              		.eabi_attribute 21, 1
   4              		.eabi_attribute 23, 3
   5              		.eabi_attribute 24, 1
   6              		.eabi_attribute 25, 1
   7              		.eabi_attribute 26, 1
   8              		.eabi_attribute 30, 1
   9              		.eabi_attribute 34, 1
  10              		.eabi_attribute 18, 4
  11              		.file	"gpio.c"
  12              		.text
  13              	.Ltext0:
  14              		.cfi_sections	.debug_frame
  15              		.section	.text.MX_GPIO_Init,"ax",%progbits
  16              		.align	1
  17              		.global	MX_GPIO_Init
  18              		.arch armv7-m
  19              		.syntax unified
  20              		.thumb
  21              		.thumb_func
  22              		.fpu softvfp
  24              	MX_GPIO_Init:
  25              	.LFB65:
  26              		.file 1 "Core/Src/gpio.c"
   1:Core/Src/gpio.c **** /**
   2:Core/Src/gpio.c ****   ******************************************************************************
   3:Core/Src/gpio.c ****   * @file    gpio.c
   4:Core/Src/gpio.c ****   * @brief   This file provides code for the configuration
   5:Core/Src/gpio.c ****   *          of all used GPIO pins.
   6:Core/Src/gpio.c ****   ******************************************************************************
   7:Core/Src/gpio.c ****   * @attention
   8:Core/Src/gpio.c ****   *
   9:Core/Src/gpio.c ****   * <h2><center>&copy; Copyright (c) 2021 STMicroelectronics.
  10:Core/Src/gpio.c ****   * All rights reserved.</center></h2>
  11:Core/Src/gpio.c ****   *
  12:Core/Src/gpio.c ****   * This software component is licensed by ST under BSD 3-Clause license,
  13:Core/Src/gpio.c ****   * the "License"; You may not use this file except in compliance with the
  14:Core/Src/gpio.c ****   * License. You may obtain a copy of the License at:
  15:Core/Src/gpio.c ****   *                        opensource.org/licenses/BSD-3-Clause
  16:Core/Src/gpio.c ****   *
  17:Core/Src/gpio.c ****   ******************************************************************************
  18:Core/Src/gpio.c ****   */
  19:Core/Src/gpio.c **** 
  20:Core/Src/gpio.c **** /* Includes ------------------------------------------------------------------*/
  21:Core/Src/gpio.c **** #include "gpio.h"
  22:Core/Src/gpio.c **** 
  23:Core/Src/gpio.c **** /* USER CODE BEGIN 0 */
  24:Core/Src/gpio.c **** 
  25:Core/Src/gpio.c **** /* USER CODE END 0 */
  26:Core/Src/gpio.c **** 
  27:Core/Src/gpio.c **** /*----------------------------------------------------------------------------*/
  28:Core/Src/gpio.c **** /* Configure GPIO                                                             */
  29:Core/Src/gpio.c **** /*----------------------------------------------------------------------------*/
  30:Core/Src/gpio.c **** /* USER CODE BEGIN 1 */
  31:Core/Src/gpio.c **** 
  32:Core/Src/gpio.c **** /* USER CODE END 1 */
ARM GAS  C:\Users\DELL\AppData\Local\Temp\ccZnvSnt.s 			page 2


  33:Core/Src/gpio.c **** 
  34:Core/Src/gpio.c **** /** Configure pins
  35:Core/Src/gpio.c **** */
  36:Core/Src/gpio.c **** void MX_GPIO_Init(void)
  37:Core/Src/gpio.c **** {
  27              		.loc 1 37 1 view -0
  28              		.cfi_startproc
  29              		@ args = 0, pretend = 0, frame = 24
  30              		@ frame_needed = 0, uses_anonymous_args = 0
  31 0000 30B5     		push	{r4, r5, lr}
  32              	.LCFI0:
  33              		.cfi_def_cfa_offset 12
  34              		.cfi_offset 4, -12
  35              		.cfi_offset 5, -8
  36              		.cfi_offset 14, -4
  37 0002 87B0     		sub	sp, sp, #28
  38              	.LCFI1:
  39              		.cfi_def_cfa_offset 40
  38:Core/Src/gpio.c **** 
  39:Core/Src/gpio.c ****   GPIO_InitTypeDef GPIO_InitStruct = {0};
  40              		.loc 1 39 3 view .LVU1
  41              		.loc 1 39 20 is_stmt 0 view .LVU2
  42 0004 0024     		movs	r4, #0
  43 0006 0294     		str	r4, [sp, #8]
  44 0008 0394     		str	r4, [sp, #12]
  45 000a 0494     		str	r4, [sp, #16]
  46 000c 0594     		str	r4, [sp, #20]
  40:Core/Src/gpio.c **** 
  41:Core/Src/gpio.c ****   /* GPIO Ports Clock Enable */
  42:Core/Src/gpio.c ****   __HAL_RCC_GPIOB_CLK_ENABLE();
  47              		.loc 1 42 3 is_stmt 1 view .LVU3
  48              	.LBB2:
  49              		.loc 1 42 3 view .LVU4
  50              		.loc 1 42 3 view .LVU5
  51 000e 0E4B     		ldr	r3, .L3
  52 0010 9A69     		ldr	r2, [r3, #24]
  53 0012 42F00802 		orr	r2, r2, #8
  54 0016 9A61     		str	r2, [r3, #24]
  55              		.loc 1 42 3 view .LVU6
  56 0018 9B69     		ldr	r3, [r3, #24]
  57 001a 03F00803 		and	r3, r3, #8
  58 001e 0193     		str	r3, [sp, #4]
  59              		.loc 1 42 3 view .LVU7
  60 0020 019B     		ldr	r3, [sp, #4]
  61              	.LBE2:
  62              		.loc 1 42 3 view .LVU8
  43:Core/Src/gpio.c **** 
  44:Core/Src/gpio.c ****   /*Configure GPIO pin Output Level */
  45:Core/Src/gpio.c ****   HAL_GPIO_WritePin(GPIOB, GPIO_PIN_5, GPIO_PIN_RESET);
  63              		.loc 1 45 3 view .LVU9
  64 0022 0A4D     		ldr	r5, .L3+4
  65 0024 2246     		mov	r2, r4
  66 0026 2021     		movs	r1, #32
  67 0028 2846     		mov	r0, r5
  68 002a FFF7FEFF 		bl	HAL_GPIO_WritePin
  69              	.LVL0:
  46:Core/Src/gpio.c **** 
ARM GAS  C:\Users\DELL\AppData\Local\Temp\ccZnvSnt.s 			page 3


  47:Core/Src/gpio.c ****   /*Configure GPIO pin : PB5 */
  48:Core/Src/gpio.c ****   GPIO_InitStruct.Pin = GPIO_PIN_5;
  70              		.loc 1 48 3 view .LVU10
  71              		.loc 1 48 23 is_stmt 0 view .LVU11
  72 002e 2023     		movs	r3, #32
  73 0030 0293     		str	r3, [sp, #8]
  49:Core/Src/gpio.c ****   GPIO_InitStruct.Mode = GPIO_MODE_OUTPUT_PP;
  74              		.loc 1 49 3 is_stmt 1 view .LVU12
  75              		.loc 1 49 24 is_stmt 0 view .LVU13
  76 0032 0123     		movs	r3, #1
  77 0034 0393     		str	r3, [sp, #12]
  50:Core/Src/gpio.c ****   GPIO_InitStruct.Pull = GPIO_NOPULL;
  78              		.loc 1 50 3 is_stmt 1 view .LVU14
  79              		.loc 1 50 24 is_stmt 0 view .LVU15
  80 0036 0494     		str	r4, [sp, #16]
  51:Core/Src/gpio.c ****   GPIO_InitStruct.Speed = GPIO_SPEED_FREQ_LOW;
  81              		.loc 1 51 3 is_stmt 1 view .LVU16
  82              		.loc 1 51 25 is_stmt 0 view .LVU17
  83 0038 0223     		movs	r3, #2
  84 003a 0593     		str	r3, [sp, #20]
  52:Core/Src/gpio.c ****   HAL_GPIO_Init(GPIOB, &GPIO_InitStruct);
  85              		.loc 1 52 3 is_stmt 1 view .LVU18
  86 003c 02A9     		add	r1, sp, #8
  87 003e 2846     		mov	r0, r5
  88 0040 FFF7FEFF 		bl	HAL_GPIO_Init
  89              	.LVL1:
  53:Core/Src/gpio.c **** 
  54:Core/Src/gpio.c **** }
  90              		.loc 1 54 1 is_stmt 0 view .LVU19
  91 0044 07B0     		add	sp, sp, #28
  92              	.LCFI2:
  93              		.cfi_def_cfa_offset 12
  94              		@ sp needed
  95 0046 30BD     		pop	{r4, r5, pc}
  96              	.L4:
  97              		.align	2
  98              	.L3:
  99 0048 00100240 		.word	1073876992
 100 004c 000C0140 		.word	1073810432
 101              		.cfi_endproc
 102              	.LFE65:
 104              		.text
 105              	.Letext0:
 106              		.file 2 "e:\\gcc-arm-none-eabi-9-2020-q2-update-win32\\arm-none-eabi\\include\\machine\\_default_t
 107              		.file 3 "e:\\gcc-arm-none-eabi-9-2020-q2-update-win32\\arm-none-eabi\\include\\sys\\_stdint.h"
 108              		.file 4 "Drivers/CMSIS/Include/core_cm3.h"
 109              		.file 5 "Drivers/CMSIS/Device/ST/STM32F1xx/Include/system_stm32f1xx.h"
 110              		.file 6 "Drivers/CMSIS/Device/ST/STM32F1xx/Include/stm32f103xe.h"
 111              		.file 7 "Drivers/STM32F1xx_HAL_Driver/Inc/stm32f1xx_hal_gpio.h"
 112              		.file 8 "Drivers/STM32F1xx_HAL_Driver/Inc/stm32f1xx_hal.h"
ARM GAS  C:\Users\DELL\AppData\Local\Temp\ccZnvSnt.s 			page 4


DEFINED SYMBOLS
                            *ABS*:00000000 gpio.c
C:\Users\DELL\AppData\Local\Temp\ccZnvSnt.s:16     .text.MX_GPIO_Init:00000000 $t
C:\Users\DELL\AppData\Local\Temp\ccZnvSnt.s:24     .text.MX_GPIO_Init:00000000 MX_GPIO_Init
C:\Users\DELL\AppData\Local\Temp\ccZnvSnt.s:99     .text.MX_GPIO_Init:00000048 $d

UNDEFINED SYMBOLS
HAL_GPIO_WritePin
HAL_GPIO_Init
